<?xml version="1.0" encoding="UTF-8"?>
<testng-results ignored="3" total="4" passed="1" failed="0" skipped="0">
  <reporter-output>
  </reporter-output>
  <suite started-at="2025-02-19T14:11:12 IST" name="Default suite" finished-at="2025-02-19T14:11:20 IST" duration-ms="7706">
    <groups>
    </groups>
    <test started-at="2025-02-19T14:11:12 IST" name="Default test" finished-at="2025-02-19T14:11:20 IST" duration-ms="7706">
      <class name="seleniumBasics.LoginTest">
        <test-method is-config="true" signature="initializeBrowser()[pri:0, instance:seleniumBasics.LoginTest@5f058f00]" started-at="2025-02-19T14:11:12 IST" name="initializeBrowser" finished-at="2025-02-19T14:11:19 IST" duration-ms="6570" status="PASS">
          <reporter-output>
          </reporter-output>
        </test-method> <!-- initializeBrowser -->
        <test-method signature="verifyUserLoginWithInvalidUsernameAndvalidalidPassword()[pri:0, instance:seleniumBasics.LoginTest@5f058f00]" started-at="2025-02-19T14:11:19 IST" name="verifyUserLoginWithInvalidUsernameAndvalidalidPassword" finished-at="2025-02-19T14:11:20 IST" duration-ms="983" status="PASS">
          <reporter-output>
          </reporter-output>
        </test-method> <!-- verifyUserLoginWithInvalidUsernameAndvalidalidPassword -->
        <test-method is-config="true" signature="driverQuit()[pri:0, instance:seleniumBasics.LoginTest@5f058f00]" started-at="2025-02-19T14:11:20 IST" name="driverQuit" finished-at="2025-02-19T14:11:20 IST" duration-ms="1" status="PASS">
          <reporter-output>
          </reporter-output>
        </test-method> <!-- driverQuit -->
      </class> <!-- seleniumBasics.LoginTest -->
    </test> <!-- Default test -->
  </suite> <!-- Default suite -->
</testng-results>
