<?xml version="1.0" encoding="UTF-8"?>
<!-- Generated by org.testng.reporters.JUnitXMLReporter -->
<testsuite ignored="3" hostname="DESKTOP-QT7208L" failures="0" tests="1" name="Default test" time="7.706" errors="0" timestamp="2025-02-19T14:11:20 IST">
  <testcase classname="seleniumBasics.LoginTest" name="verifyUserLoginWithInvalidUsernameAndvalidalidPassword" time="0.983"/>
  <testcase classname="seleniumBasics.LoginTest" name="verifyUserLoginWithInvalidUsernameAndInvalidPassword" time="0.0">
    <ignored/>
  </testcase> <!-- verifyUserLoginWithInvalidUsernameAndInvalidPassword -->
  <testcase classname="seleniumBasics.LoginTest" name="verifyUserLoginWithValidUsernameAndValidPassword" time="0.0">
    <ignored/>
  </testcase> <!-- verifyUserLoginWithValidUsernameAndValidPassword -->
  <testcase classname="seleniumBasics.LoginTest" name="verifyUserLoginWithValidUsernameAndInvalidalidPassword" time="0.0">
    <ignored/>
  </testcase> <!-- verifyUserLoginWithValidUsernameAndInvalidalidPassword -->
</testsuite> <!-- Default test -->
